Haripath/app/build/intermediates/manifest_merge_blame_file/release/manifest-merger-blame-release-report.txt
1<?xml version="1.0" encoding="utf-8"?>
2<!-- suppress ALL -->
3<manifest xmlns:android="http://schemas.android.com/apk/res/android"
4    package="nitin.sangale.haripath"
5    android:versionCode="12"
6    android:versionName="6.4" >
7
8    <uses-sdk
8-->src\main\AndroidManifest.xml:8:5-47
9        android:minSdkVersion="14"
9-->src\main\AndroidManifest.xml:8:5-47
10        android:targetSdkVersion="31" />
10-->src\main\AndroidManifest.xml:8:15-44
11
12    <uses-permission android:name="android.permission.INTERNET" />
12-->src\main\AndroidManifest.xml:10:5-67
12-->src\main\AndroidManifest.xml:10:22-64
13    <uses-permission android:name="android.permission.INTERNET" />
13-->src\main\AndroidManifest.xml:10:5-67
13-->src\main\AndroidManifest.xml:10:22-64
14    <uses-permission android:name="android.permission.INTERNET" />
14-->src\main\AndroidManifest.xml:10:5-67
14-->src\main\AndroidManifest.xml:10:22-64
15    <uses-permission android:name="android.permission.INTERNET" />
15-->src\main\AndroidManifest.xml:10:5-67
15-->src\main\AndroidManifest.xml:10:22-64
16    <uses-permission android:name="android.permission.ACCESS_NETWORK_STATE" />
16-->src\main\AndroidManifest.xml:47:5-78
16-->src\main\AndroidManifest.xml:47:22-76
17    <!-- Optional permission for Analytics to run. -->
18    <uses-permission android:name="android.permission.WAKE_LOCK" /> <!-- Required by older versions of Google Play services to create GCM registration tokens -->
18-->[com.google.android.gms:play-services-analytics:12.0.1] AndroidManifest.xml:27:5-68
18-->[com.google.android.gms:play-services-analytics:12.0.1] AndroidManifest.xml:27:22-65
19    <uses-permission android:name="com.google.android.c2dm.permission.RECEIVE" />
19-->[com.google.android.gms:play-services-gcm:12.0.1] AndroidManifest.xml:23:5-82
19-->[com.google.android.gms:play-services-gcm:12.0.1] AndroidManifest.xml:23:22-79
20
21    <uses-feature
21-->[com.google.android.gms:play-services-maps:12.0.1] AndroidManifest.xml:26:5-28:35
22        android:glEsVersion="0x00020000"
22-->[com.google.android.gms:play-services-maps:12.0.1] AndroidManifest.xml:27:9-41
23        android:required="true" />
23-->[com.google.android.gms:play-services-maps:12.0.1] AndroidManifest.xml:28:9-32
24
25    <permission
25-->[com.google.firebase:firebase-iid:12.0.1] AndroidManifest.xml:28:5-30:47
26        android:name="nitin.sangale.haripath.permission.C2D_MESSAGE"
26-->[com.google.firebase:firebase-iid:12.0.1] AndroidManifest.xml:29:9-63
27        android:protectionLevel="signature" />
27-->[com.google.firebase:firebase-iid:12.0.1] AndroidManifest.xml:30:9-44
28
29    <uses-permission android:name="nitin.sangale.haripath.permission.C2D_MESSAGE" />
29-->[com.google.firebase:firebase-iid:12.0.1] AndroidManifest.xml:32:5-79
29-->[com.google.firebase:firebase-iid:12.0.1] AndroidManifest.xml:32:22-76
30
31    <application
31-->src\main\AndroidManifest.xml:15:5-45:23
32        android:name="android.support.multidex.MultiDexApplication"
33        android:allowBackup="true"
33-->src\main\AndroidManifest.xml:16:9-35
34        android:icon="@drawable/ic_launcher"
34-->src\main\AndroidManifest.xml:17:9-45
35        android:label="@string/app_name"
35-->src\main\AndroidManifest.xml:18:9-41
36        android:theme="@style/AppTheme" >
36-->src\main\AndroidManifest.xml:19:9-40
37        <activity
37-->src\main\AndroidManifest.xml:20:9-30:20
38            android:name="nitin.sangale.haripath.MainActivity"
38-->src\main\AndroidManifest.xml:21:13-63
39            android:label="@string/app_name"
39-->src\main\AndroidManifest.xml:22:13-45
40            android:screenOrientation="landscape" >
40-->src\main\AndroidManifest.xml:23:13-50
41            <intent-filter>
41-->src\main\AndroidManifest.xml:25:13-29:29
42                <action android:name="android.intent.action.MAIN" />
42-->src\main\AndroidManifest.xml:26:17-69
42-->src\main\AndroidManifest.xml:26:25-66
43
44                <category android:name="android.intent.category.LAUNCHER" />
44-->src\main\AndroidManifest.xml:28:17-77
44-->src\main\AndroidManifest.xml:28:27-74
45            </intent-filter>
46        </activity>
47        <activity
47-->src\main\AndroidManifest.xml:31:9-35:20
48            android:name="nitin.sangale.haripath.StartHaripathActivity"
48-->src\main\AndroidManifest.xml:32:13-72
49            android:label="@string/title_activity_start_haripath"
49-->src\main\AndroidManifest.xml:33:13-66
50            android:screenOrientation="landscape" >
50-->src\main\AndroidManifest.xml:34:13-50
51        </activity>
52        <activity
52-->src\main\AndroidManifest.xml:36:9-39:20
53            android:name="nitin.sangale.haripath.AboutActivity"
53-->src\main\AndroidManifest.xml:37:13-64
54            android:label="@string/title_activity_about"
54-->src\main\AndroidManifest.xml:38:13-57
55            android:screenOrientation="landscape" >
55-->src\main\AndroidManifest.xml:38:58-95
56        </activity>
57        <activity
57-->src\main\AndroidManifest.xml:40:9-41:130
58            android:name="com.google.android.gms.ads.AdActivity"
58-->src\main\AndroidManifest.xml:40:19-71
59            android:configChanges="keyboard|keyboardHidden|orientation|screenLayout|uiMode|screenSize|smallestScreenSize"
59-->src\main\AndroidManifest.xml:41:19-128
60            android:exported="false"
60-->[com.google.android.gms:play-services-ads-lite:12.0.1] AndroidManifest.xml:32:13-37
61            android:theme="@android:style/Theme.Translucent" />
61-->[com.google.android.gms:play-services-ads-lite:12.0.1] AndroidManifest.xml:33:13-61
62
63        <meta-data
63-->src\main\AndroidManifest.xml:43:9-44:76
64            android:name="com.google.android.gms.version"
64-->src\main\AndroidManifest.xml:43:20-65
65            android:value="@integer/google_play_services_version" />
65-->src\main\AndroidManifest.xml:44:20-73
66
67        <receiver
67-->[com.google.android.gms:play-services-analytics:12.0.1] AndroidManifest.xml:30:9-34:20
68            android:name="com.google.android.gms.analytics.AnalyticsReceiver"
68-->[com.google.android.gms:play-services-analytics:12.0.1] AndroidManifest.xml:31:13-78
69            android:enabled="true"
69-->[com.google.android.gms:play-services-analytics:12.0.1] AndroidManifest.xml:32:13-35
70            android:exported="false" >
70-->[com.google.android.gms:play-services-analytics:12.0.1] AndroidManifest.xml:33:13-37
71        </receiver>
72
73        <service
73-->[com.google.android.gms:play-services-analytics:12.0.1] AndroidManifest.xml:36:9-39:40
74            android:name="com.google.android.gms.analytics.AnalyticsService"
74-->[com.google.android.gms:play-services-analytics:12.0.1] AndroidManifest.xml:37:13-77
75            android:enabled="true"
75-->[com.google.android.gms:play-services-analytics:12.0.1] AndroidManifest.xml:38:13-35
76            android:exported="false" />
76-->[com.google.android.gms:play-services-analytics:12.0.1] AndroidManifest.xml:39:13-37
77        <service
77-->[com.google.android.gms:play-services-analytics:12.0.1] AndroidManifest.xml:40:9-44:72
78            android:name="com.google.android.gms.analytics.AnalyticsJobService"
78-->[com.google.android.gms:play-services-analytics:12.0.1] AndroidManifest.xml:41:13-80
79            android:enabled="true"
79-->[com.google.android.gms:play-services-analytics:12.0.1] AndroidManifest.xml:42:13-35
80            android:exported="false"
80-->[com.google.android.gms:play-services-analytics:12.0.1] AndroidManifest.xml:43:13-37
81            android:permission="android.permission.BIND_JOB_SERVICE" />
81-->[com.google.android.gms:play-services-analytics:12.0.1] AndroidManifest.xml:44:13-69
82
83        <activity
83-->[com.google.android.gms:play-services-appinvite:12.0.1] AndroidManifest.xml:25:9-34:20
84            android:name="com.google.android.gms.appinvite.PreviewActivity"
84-->[com.google.android.gms:play-services-appinvite:12.0.1] AndroidManifest.xml:26:13-76
85            android:exported="true"
85-->[com.google.android.gms:play-services-appinvite:12.0.1] AndroidManifest.xml:27:13-36
86            android:theme="@style/Theme.AppInvite.Preview" >
86-->[com.google.android.gms:play-services-appinvite:12.0.1] AndroidManifest.xml:28:13-59
87            <intent-filter>
87-->[com.google.android.gms:play-services-appinvite:12.0.1] AndroidManifest.xml:29:13-33:29
88                <action android:name="com.google.android.gms.appinvite.ACTION_PREVIEW" />
88-->[com.google.android.gms:play-services-appinvite:12.0.1] AndroidManifest.xml:30:17-90
88-->[com.google.android.gms:play-services-appinvite:12.0.1] AndroidManifest.xml:30:25-87
89
90                <category android:name="android.intent.category.DEFAULT" />
90-->[com.google.android.gms:play-services-appinvite:12.0.1] AndroidManifest.xml:32:17-76
90-->[com.google.android.gms:play-services-appinvite:12.0.1] AndroidManifest.xml:32:27-73
91            </intent-filter>
92        </activity>
93        <activity
93-->[com.google.android.gms:play-services-auth:12.0.1] AndroidManifest.xml:23:9-27:75
94            android:name="com.google.android.gms.auth.api.signin.internal.SignInHubActivity"
94-->[com.google.android.gms:play-services-auth:12.0.1] AndroidManifest.xml:24:13-93
95            android:excludeFromRecents="true"
95-->[com.google.android.gms:play-services-auth:12.0.1] AndroidManifest.xml:25:13-46
96            android:exported="false"
96-->[com.google.android.gms:play-services-auth:12.0.1] AndroidManifest.xml:26:13-37
97            android:theme="@android:style/Theme.Translucent.NoTitleBar" />
97-->[com.google.android.gms:play-services-auth:12.0.1] AndroidManifest.xml:27:13-72
98        <!--
99            Service handling Google Sign-In user revocation. For apps that do not integrate with
100            Google Sign-In, this service will never be started.
101        -->
102        <service
102-->[com.google.android.gms:play-services-auth:12.0.1] AndroidManifest.xml:33:9-36:110
103            android:name="com.google.android.gms.auth.api.signin.RevocationBoundService"
103-->[com.google.android.gms:play-services-auth:12.0.1] AndroidManifest.xml:34:13-89
104            android:exported="true"
104-->[com.google.android.gms:play-services-auth:12.0.1] AndroidManifest.xml:35:13-36
105            android:permission="com.google.android.gms.auth.api.signin.permission.REVOCATION_NOTIFICATION" />
105-->[com.google.android.gms:play-services-auth:12.0.1] AndroidManifest.xml:36:13-107
106
107        <receiver android:name="com.google.android.gms.cast.framework.media.MediaIntentReceiver" />
107-->[com.google.android.gms:play-services-cast-framework:12.0.1] AndroidManifest.xml:8:9-100
107-->[com.google.android.gms:play-services-cast-framework:12.0.1] AndroidManifest.xml:8:19-97
108
109        <service android:name="com.google.android.gms.cast.framework.media.MediaNotificationService" />
109-->[com.google.android.gms:play-services-cast-framework:12.0.1] AndroidManifest.xml:10:9-104
109-->[com.google.android.gms:play-services-cast-framework:12.0.1] AndroidManifest.xml:10:18-101
110        <service android:name="com.google.android.gms.cast.framework.ReconnectionService" />
110-->[com.google.android.gms:play-services-cast-framework:12.0.1] AndroidManifest.xml:11:9-93
110-->[com.google.android.gms:play-services-cast-framework:12.0.1] AndroidManifest.xml:11:18-90
111
112        <activity
112-->[com.google.firebase:firebase-auth:12.0.1] AndroidManifest.xml:23:9-29:75
113            android:name="com.google.firebase.auth.internal.FederatedSignInActivity"
113-->[com.google.firebase:firebase-auth:12.0.1] AndroidManifest.xml:24:13-85
114            android:excludeFromRecents="true"
114-->[com.google.firebase:firebase-auth:12.0.1] AndroidManifest.xml:25:13-46
115            android:exported="true"
115-->[com.google.firebase:firebase-auth:12.0.1] AndroidManifest.xml:26:13-36
116            android:launchMode="singleInstance"
116-->[com.google.firebase:firebase-auth:12.0.1] AndroidManifest.xml:27:13-48
117            android:permission="com.google.firebase.auth.api.gms.permission.LAUNCH_FEDERATED_SIGN_IN"
117-->[com.google.firebase:firebase-auth:12.0.1] AndroidManifest.xml:28:13-102
118            android:theme="@android:style/Theme.Translucent.NoTitleBar" />
118-->[com.google.firebase:firebase-auth:12.0.1] AndroidManifest.xml:29:13-72
119        <activity
119-->[com.google.android.gms:play-services-base:12.0.1] AndroidManifest.xml:23:9-26:75
120            android:name="com.google.android.gms.common.api.GoogleApiActivity"
120-->[com.google.android.gms:play-services-base:12.0.1] AndroidManifest.xml:24:13-79
121            android:exported="false"
121-->[com.google.android.gms:play-services-base:12.0.1] AndroidManifest.xml:25:13-37
122            android:theme="@android:style/Theme.Translucent.NoTitleBar" />
122-->[com.google.android.gms:play-services-base:12.0.1] AndroidManifest.xml:26:13-72
123        <!--
124             FirebaseMessagingService performs security checks at runtime,
125             no need for explicit permissions despite exported="true"
126        -->
127        <service
127-->[com.google.firebase:firebase-messaging:12.0.1] AndroidManifest.xml:28:9-34:19
128            android:name="com.google.firebase.messaging.FirebaseMessagingService"
128-->[com.google.firebase:firebase-messaging:12.0.1] AndroidManifest.xml:29:13-82
129            android:exported="true" >
129-->[com.google.firebase:firebase-messaging:12.0.1] AndroidManifest.xml:30:13-36
130            <intent-filter android:priority="-500" >
130-->[com.google.firebase:firebase-messaging:12.0.1] AndroidManifest.xml:31:13-33:29
130-->[com.google.firebase:firebase-messaging:12.0.1] AndroidManifest.xml:31:28-51
131                <action android:name="com.google.firebase.MESSAGING_EVENT" />
131-->[com.google.firebase:firebase-messaging:12.0.1] AndroidManifest.xml:32:17-78
131-->[com.google.firebase:firebase-messaging:12.0.1] AndroidManifest.xml:32:25-75
132            </intent-filter>
133        </service>
134        <service
134-->[com.google.android.gms:play-services-tagmanager-api:12.0.1] AndroidManifest.xml:27:9-30:40
135            android:name="com.google.android.gms.tagmanager.TagManagerService"
135-->[com.google.android.gms:play-services-tagmanager-api:12.0.1] AndroidManifest.xml:28:13-79
136            android:enabled="true"
136-->[com.google.android.gms:play-services-tagmanager-api:12.0.1] AndroidManifest.xml:29:13-35
137            android:exported="false" />
137-->[com.google.android.gms:play-services-tagmanager-api:12.0.1] AndroidManifest.xml:30:13-37
138
139        <activity
139-->[com.google.android.gms:play-services-tagmanager-api:12.0.1] AndroidManifest.xml:32:9-44:20
140            android:name="com.google.android.gms.tagmanager.TagManagerPreviewActivity"
140-->[com.google.android.gms:play-services-tagmanager-api:12.0.1] AndroidManifest.xml:33:13-87
141            android:exported="true"
141-->[com.google.android.gms:play-services-tagmanager-api:12.0.1] AndroidManifest.xml:34:13-36
142            android:noHistory="true" > <!-- optional, removes the previewActivity from the activity stack. -->
142-->[com.google.android.gms:play-services-tagmanager-api:12.0.1] AndroidManifest.xml:35:13-37
143            <intent-filter>
143-->[com.google.android.gms:play-services-tagmanager-api:12.0.1] AndroidManifest.xml:36:13-43:29
144                <data android:scheme="tagmanager.c.nitin.sangale.haripath" />
144-->[com.google.android.gms:play-services-tagmanager-api:12.0.1] AndroidManifest.xml:37:17-72
144-->[com.google.android.gms:play-services-tagmanager-api:12.0.1] AndroidManifest.xml:37:23-69
145
146                <action android:name="android.intent.action.VIEW" />
146-->[com.google.android.gms:play-services-tagmanager-api:12.0.1] AndroidManifest.xml:39:17-69
146-->[com.google.android.gms:play-services-tagmanager-api:12.0.1] AndroidManifest.xml:39:25-66
147
148                <category android:name="android.intent.category.DEFAULT" />
148-->[com.google.android.gms:play-services-appinvite:12.0.1] AndroidManifest.xml:32:17-76
148-->[com.google.android.gms:play-services-appinvite:12.0.1] AndroidManifest.xml:32:27-73
149                <category android:name="android.intent.category.BROWSABLE" />
149-->[com.google.android.gms:play-services-tagmanager-api:12.0.1] AndroidManifest.xml:42:17-78
149-->[com.google.android.gms:play-services-tagmanager-api:12.0.1] AndroidManifest.xml:42:27-75
150            </intent-filter>
151        </activity>
152
153        <receiver
153-->[com.google.firebase:firebase-analytics:12.0.1] AndroidManifest.xml:28:9-32:20
154            android:name="com.google.android.gms.measurement.AppMeasurementReceiver"
154-->[com.google.firebase:firebase-analytics:12.0.1] AndroidManifest.xml:29:13-85
155            android:enabled="true"
155-->[com.google.firebase:firebase-analytics:12.0.1] AndroidManifest.xml:30:13-35
156            android:exported="false" >
156-->[com.google.firebase:firebase-analytics:12.0.1] AndroidManifest.xml:31:13-37
157        </receiver>
158        <receiver
158-->[com.google.firebase:firebase-analytics:12.0.1] AndroidManifest.xml:33:9-41:20
159            android:name="com.google.android.gms.measurement.AppMeasurementInstallReferrerReceiver"
159-->[com.google.firebase:firebase-analytics:12.0.1] AndroidManifest.xml:34:13-100
160            android:enabled="true"
160-->[com.google.firebase:firebase-analytics:12.0.1] AndroidManifest.xml:35:13-35
161            android:exported="true"
161-->[com.google.firebase:firebase-analytics:12.0.1] AndroidManifest.xml:36:13-36
162            android:permission="android.permission.INSTALL_PACKAGES" >
162-->[com.google.firebase:firebase-analytics:12.0.1] AndroidManifest.xml:37:13-69
163            <intent-filter>
163-->[com.google.firebase:firebase-analytics:12.0.1] AndroidManifest.xml:38:13-40:29
164                <action android:name="com.android.vending.INSTALL_REFERRER" />
164-->[com.google.firebase:firebase-analytics:12.0.1] AndroidManifest.xml:39:17-79
164-->[com.google.firebase:firebase-analytics:12.0.1] AndroidManifest.xml:39:25-76
165            </intent-filter>
166        </receiver>
167
168        <service
168-->[com.google.firebase:firebase-analytics:12.0.1] AndroidManifest.xml:43:9-46:40
169            android:name="com.google.android.gms.measurement.AppMeasurementService"
169-->[com.google.firebase:firebase-analytics:12.0.1] AndroidManifest.xml:44:13-84
170            android:enabled="true"
170-->[com.google.firebase:firebase-analytics:12.0.1] AndroidManifest.xml:45:13-35
171            android:exported="false" />
171-->[com.google.firebase:firebase-analytics:12.0.1] AndroidManifest.xml:46:13-37
172        <service
172-->[com.google.firebase:firebase-analytics:12.0.1] AndroidManifest.xml:47:9-51:72
173            android:name="com.google.android.gms.measurement.AppMeasurementJobService"
173-->[com.google.firebase:firebase-analytics:12.0.1] AndroidManifest.xml:48:13-87
174            android:enabled="true"
174-->[com.google.firebase:firebase-analytics:12.0.1] AndroidManifest.xml:49:13-35
175            android:exported="false"
175-->[com.google.firebase:firebase-analytics:12.0.1] AndroidManifest.xml:50:13-37
176            android:permission="android.permission.BIND_JOB_SERVICE" />
176-->[com.google.firebase:firebase-analytics:12.0.1] AndroidManifest.xml:51:13-69
177
178        <receiver
178-->[com.google.firebase:firebase-iid:12.0.1] AndroidManifest.xml:35:9-44:20
179            android:name="com.google.firebase.iid.FirebaseInstanceIdReceiver"
179-->[com.google.firebase:firebase-iid:12.0.1] AndroidManifest.xml:36:13-78
180            android:exported="true"
180-->[com.google.firebase:firebase-iid:12.0.1] AndroidManifest.xml:37:13-36
181            android:permission="com.google.android.c2dm.permission.SEND" >
181-->[com.google.firebase:firebase-iid:12.0.1] AndroidManifest.xml:38:13-73
182            <intent-filter>
182-->[com.google.firebase:firebase-iid:12.0.1] AndroidManifest.xml:39:13-43:29
183                <action android:name="com.google.android.c2dm.intent.RECEIVE" />
183-->[com.google.firebase:firebase-iid:12.0.1] AndroidManifest.xml:40:17-81
183-->[com.google.firebase:firebase-iid:12.0.1] AndroidManifest.xml:40:25-78
184
185                <category android:name="nitin.sangale.haripath" />
185-->[com.google.firebase:firebase-iid:12.0.1] AndroidManifest.xml:42:17-61
185-->[com.google.firebase:firebase-iid:12.0.1] AndroidManifest.xml:42:27-58
186            </intent-filter>
187        </receiver>
188        <!--
189             FirebaseInstanceIdService performs security checks at runtime,
190             no need for explicit permissions despite exported="true"
191        -->
192        <service
192-->[com.google.firebase:firebase-iid:12.0.1] AndroidManifest.xml:50:9-56:19
193            android:name="com.google.firebase.iid.FirebaseInstanceIdService"
193-->[com.google.firebase:firebase-iid:12.0.1] AndroidManifest.xml:51:13-77
194            android:exported="true" >
194-->[com.google.firebase:firebase-iid:12.0.1] AndroidManifest.xml:52:13-36
195            <intent-filter android:priority="-500" >
195-->[com.google.firebase:firebase-iid:12.0.1] AndroidManifest.xml:53:13-55:29
195-->[com.google.firebase:firebase-iid:12.0.1] AndroidManifest.xml:53:28-51
196                <action android:name="com.google.firebase.INSTANCE_ID_EVENT" />
196-->[com.google.firebase:firebase-iid:12.0.1] AndroidManifest.xml:54:17-80
196-->[com.google.firebase:firebase-iid:12.0.1] AndroidManifest.xml:54:25-77
197            </intent-filter>
198        </service>
199
200        <provider
200-->[com.google.firebase:firebase-common:12.0.1] AndroidManifest.xml:8:9-12:39
201            android:name="com.google.firebase.provider.FirebaseInitProvider"
201-->[com.google.firebase:firebase-common:12.0.1] AndroidManifest.xml:9:13-77
202            android:authorities="nitin.sangale.haripath.firebaseinitprovider"
202-->[com.google.firebase:firebase-common:12.0.1] AndroidManifest.xml:10:13-72
203            android:exported="false"
203-->[com.google.firebase:firebase-common:12.0.1] AndroidManifest.xml:11:13-37
204            android:initOrder="100" />
204-->[com.google.firebase:firebase-common:12.0.1] AndroidManifest.xml:12:13-36
205
206        <meta-data
206-->[com.android.support:mediarouter-v7:26.1.0] AndroidManifest.xml:23:9-25:38
207            android:name="android.support.VERSION"
207-->[com.android.support:mediarouter-v7:26.1.0] AndroidManifest.xml:24:13-51
208            android:value="26.1.0" />
208-->[com.android.support:mediarouter-v7:26.1.0] AndroidManifest.xml:25:13-35
209        <meta-data
209-->[android.arch.lifecycle:runtime:1.0.0] AndroidManifest.xml:25:9-27:47
210            android:name="android.arch.lifecycle.VERSION"
210-->[android.arch.lifecycle:runtime:1.0.0] AndroidManifest.xml:26:13-58
211            android:value="27.0.0-SNAPSHOT" />
211-->[android.arch.lifecycle:runtime:1.0.0] AndroidManifest.xml:27:13-44
212    </application>
213
214</manifest>